<?xml version="1.0" encoding="UTF-8"?>
<!-- Generated by org.testng.reporters.JUnitReportReporter -->
<testsuite hostname="HW0434" name="com.icat.scripts.Assignment1" tests="1" failures="1" timestamp="29 Sep 2014 06:16:08 GMT" time="1.487" errors="0">
  <testcase name="GoogleHomeLinks" time="1.487" classname="com.icat.scripts.Assignment1">
    <failure type="org.openqa.selenium.WebDriverException" message="c is null
Command duration or timeout: 30.41 seconds
Build info: version: &#039;2.43.1&#039;, revision: &#039;5163bce&#039;, time: &#039;2014-09-10 16:27:58&#039;
System info: host: &#039;HW0434&#039;, ip: &#039;172.16.15.215&#039;, os.name: &#039;Windows 8&#039;, os.arch: &#039;x86&#039;, os.version: &#039;6.2&#039;, java.version: &#039;1.7.0_67&#039;
Driver info: org.openqa.selenium.firefox.FirefoxDriver">
      <![CDATA[org.openqa.selenium.WebDriverException: c is null
Command duration or timeout: 30.41 seconds
Build info: version: '2.43.1', revision: '5163bce', time: '2014-09-10 16:27:58'
System info: host: 'HW0434', ip: '172.16.15.215', os.name: 'Windows 8', os.arch: 'x86', os.version: '6.2', java.version: '1.7.0_67'
Driver info: org.openqa.selenium.firefox.FirefoxDriver
	at sun.reflect.NativeConstructorAccessorImpl.newInstance0(Native Method)
	at sun.reflect.NativeConstructorAccessorImpl.newInstance(Unknown Source)
	at sun.reflect.DelegatingConstructorAccessorImpl.newInstance(Unknown Source)
	at java.lang.reflect.Constructor.newInstance(Unknown Source)
	at org.openqa.selenium.remote.ErrorHandler.createThrowable(ErrorHandler.java:204)
	at org.openqa.selenium.remote.ErrorHandler.throwIfResponseFailed(ErrorHandler.java:156)
	at org.openqa.selenium.remote.RemoteWebDriver.execute(RemoteWebDriver.java:599)
	at org.openqa.selenium.remote.RemoteWebDriver.startSession(RemoteWebDriver.java:240)
	at org.openqa.selenium.remote.RemoteWebDriver.<init>(RemoteWebDriver.java:126)
	at org.openqa.selenium.firefox.FirefoxDriver.<init>(FirefoxDriver.java:193)
	at org.openqa.selenium.firefox.FirefoxDriver.<init>(FirefoxDriver.java:186)
	at org.openqa.selenium.firefox.FirefoxDriver.<init>(FirefoxDriver.java:182)
	at org.openqa.selenium.firefox.FirefoxDriver.<init>(FirefoxDriver.java:99)
	at com.gtaf.accelerators.TestEngine.setupSuite(TestEngine.java:139)
	at sun.reflect.NativeMethodAccessorImpl.invoke0(Native Method)
	at sun.reflect.NativeMethodAccessorImpl.invoke(Unknown Source)
	at sun.reflect.DelegatingMethodAccessorImpl.invoke(Unknown Source)
	at java.lang.reflect.Method.invoke(Unknown Source)
	at org.testng.internal.MethodInvocationHelper.invokeMethod(MethodInvocationHelper.java:84)
	at org.testng.internal.Invoker.invokeConfigurationMethod(Invoker.java:564)
	at org.testng.internal.Invoker.invokeConfigurations(Invoker.java:213)
	at org.testng.internal.Invoker.invokeConfigurations(Invoker.java:138)
	at org.testng.SuiteRunner.privateRun(SuiteRunner.java:277)
	at org.testng.SuiteRunner.run(SuiteRunner.java:240)
	at org.testng.SuiteRunnerWorker.runSuite(SuiteRunnerWorker.java:52)
	at org.testng.SuiteRunnerWorker.run(SuiteRunnerWorker.java:86)
	at org.testng.TestNG.runSuitesSequentially(TestNG.java:1224)
	at org.testng.TestNG.runSuitesLocally(TestNG.java:1149)
	at org.testng.TestNG.run(TestNG.java:1057)
	at org.testng.remote.RemoteTestNG.run(RemoteTestNG.java:111)
	at org.testng.remote.RemoteTestNG.initAndRun(RemoteTestNG.java:204)
	at org.testng.remote.RemoteTestNG.main(RemoteTestNG.java:175)
Caused by: org.openqa.selenium.WebDriverException: c is null
Build info: version: '2.43.1', revision: '5163bce', time: '2014-09-10 16:27:58'
System info: host: 'HW0434', ip: '172.16.15.215', os.name: 'Windows 8', os.arch: 'x86', os.version: '6.2', java.version: '1.7.0_67'
Driver info: driver.version: unknown
	at <anonymous class>.nsCommandProcessor.prototype.newSession(file:///C:/Users/IN00502/AppData/Local/Temp/anonymous1761407871612538987webdriver-profile/extensions/fxdriver@googlecode.com/components/command-processor.js:11751:61)
	at <anonymous class>.nsCommandProcessor.prototype.execute(file:///C:/Users/IN00502/AppData/Local/Temp/anonymous1761407871612538987webdriver-profile/extensions/fxdriver@googlecode.com/components/command-processor.js:11646:7)
	at <anonymous class>.Dispatcher.executeAs/<(file:///C:/Users/IN00502/AppData/Local/Temp/anonymous1761407871612538987webdriver-profile/extensions/fxdriver@googlecode.com/components/driver-component.js:8430:5)
	at <anonymous class>.Resource.prototype.handle(file:///C:/Users/IN00502/AppData/Local/Temp/anonymous1761407871612538987webdriver-profile/extensions/fxdriver@googlecode.com/components/driver-component.js:8577:194)
	at <anonymous class>.Dispatcher.prototype.dispatch(file:///C:/Users/IN00502/AppData/Local/Temp/anonymous1761407871612538987webdriver-profile/extensions/fxdriver@googlecode.com/components/driver-component.js:8524:36)
	at <anonymous class>.WebDriverServer/<.handle(file:///C:/Users/IN00502/AppData/Local/Temp/anonymous1761407871612538987webdriver-profile/extensions/fxdriver@googlecode.com/components/driver-component.js:11466:5)
	at <anonymous class>.createHandlerFunc/<(file:///C:/Users/IN00502/AppData/Local/Temp/anonymous1761407871612538987webdriver-profile/extensions/fxdriver@googlecode.com/components/httpd.js:1935:41)
	at <anonymous class>.ServerHandler.prototype.handleResponse(file:///C:/Users/IN00502/AppData/Local/Temp/anonymous1761407871612538987webdriver-profile/extensions/fxdriver@googlecode.com/components/httpd.js:2261:15)
	at <anonymous class>.Connection.prototype.process(file:///C:/Users/IN00502/AppData/Local/Temp/anonymous1761407871612538987webdriver-profile/extensions/fxdriver@googlecode.com/components/httpd.js:1168:5)
	at <anonymous class>.RequestReader.prototype._handleResponse(file:///C:/Users/IN00502/AppData/Local/Temp/anonymous1761407871612538987webdriver-profile/extensions/fxdriver@googlecode.com/components/httpd.js:1616:5)
	at <anonymous class>.RequestReader.prototype._processBody(file:///C:/Users/IN00502/AppData/Local/Temp/anonymous1761407871612538987webdriver-profile/extensions/fxdriver@googlecode.com/components/httpd.js:1464:9)
	at <anonymous class>.RequestReader.prototype.onInputStreamReady(file:///C:/Users/IN00502/AppData/Local/Temp/anonymous1761407871612538987webdriver-profile/extensions/fxdriver@googlecode.com/components/httpd.js:1333:9)
]]>
    </failure>
  </testcase> <!-- GoogleHomeLinks -->
</testsuite> <!-- com.icat.scripts.Assignment1 -->
